CRITICAL - 2026-07-01 05:37:54 --> Error: Call to undefined function isLoggedIn()
[Method: GET, Route: /]
in APPPATH\Views\includes\header.php on line 26.
 1 SYSTEMPATH\View\View.php(240): include()
 2 SYSTEMPATH\View\View.php(243): CodeIgniter\View\View->CodeIgniter\View\{closure}()
 3 SYSTEMPATH\Common.php(1254): CodeIgniter\View\View->render('includes/header', [], true)
 4 APPPATH\Controllers\Dashboard.php(22): view('includes/header')
 5 SYSTEMPATH\CodeIgniter.php(974): App\Controllers\Dashboard->index()
 6 SYSTEMPATH\CodeIgniter.php(520): CodeIgniter\CodeIgniter->runController(Object(App\Controllers\Dashboard))
 7 SYSTEMPATH\CodeIgniter.php(363): CodeIgniter\CodeIgniter->handleRequest(null, Object(Config\Cache), false)
 8 SYSTEMPATH\Boot.php(417): CodeIgniter\CodeIgniter->run()
 9 SYSTEMPATH\Boot.php(68): CodeIgniter\Boot::runCodeIgniter(Object(CodeIgniter\CodeIgniter))
10 FCPATH\index.php(59): CodeIgniter\Boot::bootWeb(Object(Config\Paths))
11 SYSTEMPATH\rewrite.php(44): require_once('D:\\Database\\xamp\\htdocs\\elearning-ci4\\codeigniter4-framework-ab9bf33\\public\\index.php')
CRITICAL - 2026-07-01 05:38:25 --> Error: Call to undefined function isLoggedIn()
[Method: GET, Route: dashboard]
in APPPATH\Views\includes\header.php on line 26.
 1 SYSTEMPATH\View\View.php(240): include()
 2 SYSTEMPATH\View\View.php(243): CodeIgniter\View\View->CodeIgniter\View\{closure}()
 3 SYSTEMPATH\Common.php(1254): CodeIgniter\View\View->render('includes/header', [], true)
 4 APPPATH\Controllers\Dashboard.php(22): view('includes/header')
 5 SYSTEMPATH\CodeIgniter.php(974): App\Controllers\Dashboard->index()
 6 SYSTEMPATH\CodeIgniter.php(520): CodeIgniter\CodeIgniter->runController(Object(App\Controllers\Dashboard))
 7 SYSTEMPATH\CodeIgniter.php(363): CodeIgniter\CodeIgniter->handleRequest(null, Object(Config\Cache), false)
 8 SYSTEMPATH\Boot.php(417): CodeIgniter\CodeIgniter->run()
 9 SYSTEMPATH\Boot.php(68): CodeIgniter\Boot::runCodeIgniter(Object(CodeIgniter\CodeIgniter))
10 FCPATH\index.php(59): CodeIgniter\Boot::bootWeb(Object(Config\Paths))
11 SYSTEMPATH\rewrite.php(44): require_once('D:\\Database\\xamp\\htdocs\\elearning-ci4\\codeigniter4-framework-ab9bf33\\public\\index.php')
CRITICAL - 2026-07-01 05:39:59 --> Error: Call to undefined function isLoggedIn()
[Method: GET, Route: /]
in APPPATH\Views\includes\header.php on line 26.
 1 SYSTEMPATH\View\View.php(240): include()
 2 SYSTEMPATH\View\View.php(243): CodeIgniter\View\View->CodeIgniter\View\{closure}()
 3 SYSTEMPATH\Common.php(1254): CodeIgniter\View\View->render('includes/header', [], true)
 4 APPPATH\Controllers\Dashboard.php(22): view('includes/header')
 5 SYSTEMPATH\CodeIgniter.php(974): App\Controllers\Dashboard->index()
 6 SYSTEMPATH\CodeIgniter.php(520): CodeIgniter\CodeIgniter->runController(Object(App\Controllers\Dashboard))
 7 SYSTEMPATH\CodeIgniter.php(363): CodeIgniter\CodeIgniter->handleRequest(null, Object(Config\Cache), false)
 8 SYSTEMPATH\Boot.php(417): CodeIgniter\CodeIgniter->run()
 9 SYSTEMPATH\Boot.php(68): CodeIgniter\Boot::runCodeIgniter(Object(CodeIgniter\CodeIgniter))
10 FCPATH\index.php(59): CodeIgniter\Boot::bootWeb(Object(Config\Paths))
11 SYSTEMPATH\rewrite.php(44): require_once('D:\\Database\\xamp\\htdocs\\elearning-ci4\\codeigniter4-framework-ab9bf33\\public\\index.php')
CRITICAL - 2026-07-01 05:45:40 --> ParseError: syntax error, unexpected token "<", expecting end of file
[Method: GET, Route: /]
in APPPATH\Views\dashboard.php on line 30.
 1 SYSTEMPATH\View\View.php(243): CodeIgniter\View\View->CodeIgniter\View\{closure}()
 2 SYSTEMPATH\Common.php(1254): CodeIgniter\View\View->render('dashboard', [], true)
 3 APPPATH\Controllers\Dashboard.php(26): view('dashboard', [...])
 4 SYSTEMPATH\CodeIgniter.php(974): App\Controllers\Dashboard->index()
 5 SYSTEMPATH\CodeIgniter.php(520): CodeIgniter\CodeIgniter->runController(Object(App\Controllers\Dashboard))
 6 SYSTEMPATH\CodeIgniter.php(363): CodeIgniter\CodeIgniter->handleRequest(null, Object(Config\Cache), false)
 7 SYSTEMPATH\Boot.php(417): CodeIgniter\CodeIgniter->run()
 8 SYSTEMPATH\Boot.php(68): CodeIgniter\Boot::runCodeIgniter(Object(CodeIgniter\CodeIgniter))
 9 FCPATH\index.php(59): CodeIgniter\Boot::bootWeb(Object(Config\Paths))
10 SYSTEMPATH\rewrite.php(44): require_once('D:\\Database\\xamp\\htdocs\\elearning-ci4\\codeigniter4-framework-ab9bf33\\public\\index.php')
CRITICAL - 2026-07-01 05:54:34 --> CodeIgniter\Exceptions\CriticalError: The required PHP extension "sqlite3" is not loaded. Install and enable it to use "SQLite3" driver.
[Method: CLI, Route: migrate]
in SYSTEMPATH\Database\Database.php on line 186.
 1 SYSTEMPATH\Database\Database.php(59): CodeIgniter\Database\Database->checkDbExtension('SQLite3')
 2 SYSTEMPATH\Database\Config.php(82): CodeIgniter\Database\Database->load([...], 'default')
 3 SYSTEMPATH\Common.php(395): CodeIgniter\Database\Config::connect('default', true)
 4 SYSTEMPATH\Database\MigrationRunner.php(156): db_connect(null)
 5 SYSTEMPATH\Config\Services.php(421): CodeIgniter\Database\MigrationRunner->__construct(Object(Config\Migrations), null)
 6 SYSTEMPATH\Config\BaseService.php(325): CodeIgniter\Config\Services::migrations(Object(Config\Migrations), null, false)
 7 SYSTEMPATH\Config\BaseService.php(264): CodeIgniter\Config\BaseService::__callStatic('migrations', [...])
 8 SYSTEMPATH\Config\Services.php(416): CodeIgniter\Config\BaseService::getSharedInstance('migrations', null, null)
 9 SYSTEMPATH\Config\BaseService.php(334): CodeIgniter\Config\Services::migrations()
10 SYSTEMPATH\Config\BaseService.php(203): CodeIgniter\Config\BaseService::__callStatic('migrations', [])
11 SYSTEMPATH\Common.php(1082): CodeIgniter\Config\BaseService::get('migrations')
12 SYSTEMPATH\Commands\Database\Migrate.php(73): service('migrations')
13 SYSTEMPATH\CLI\Commands.php(72): CodeIgniter\Commands\Database\Migrate->run([...])
14 SYSTEMPATH\CLI\Console.php(47): CodeIgniter\CLI\Commands->run('migrate', [...])
15 SYSTEMPATH\Boot.php(442): CodeIgniter\CLI\Console->run()
16 SYSTEMPATH\Boot.php(166): CodeIgniter\Boot::runCommand(Object(CodeIgniter\CLI\Console))
17 ROOTPATH\spark(87): CodeIgniter\Boot::bootSpark(Object(Config\Paths))
CRITICAL - 2026-07-01 05:54:38 --> CodeIgniter\Exceptions\CriticalError: The required PHP extension "sqlite3" is not loaded. Install and enable it to use "SQLite3" driver.
[Method: CLI, Route: db:seed/UserSeeder]
in SYSTEMPATH\Database\Database.php on line 186.
 1 SYSTEMPATH\Database\Database.php(59): CodeIgniter\Database\Database->checkDbExtension('SQLite3')
 2 SYSTEMPATH\Database\Config.php(82): CodeIgniter\Database\Database->load([...], 'default')
 3 SYSTEMPATH\Database\Seeder.php(102): CodeIgniter\Database\Config::connect('default')
 4 SYSTEMPATH\Commands\Database\Seed.php(71): CodeIgniter\Database\Seeder->__construct(Object(Config\Database))
 5 SYSTEMPATH\CLI\Commands.php(72): CodeIgniter\Commands\Database\Seed->run([...])
 6 SYSTEMPATH\CLI\Console.php(47): CodeIgniter\CLI\Commands->run('db:seed', [...])
 7 SYSTEMPATH\Boot.php(442): CodeIgniter\CLI\Console->run()
 8 SYSTEMPATH\Boot.php(166): CodeIgniter\Boot::runCommand(Object(CodeIgniter\CLI\Console))
 9 ROOTPATH\spark(87): CodeIgniter\Boot::bootSpark(Object(Config\Paths))
ERROR - 2026-07-01 05:55:46 --> Error connecting to the database: mysqli_sql_exception: Access denied for user ''@'localhost' (using password: NO) in D:\Database\xamp\htdocs\elearning-ci4\codeigniter4-framework-ab9bf33\system\Database\MySQLi\Connection.php:201
Stack trace:
#0 D:\Database\xamp\htdocs\elearning-ci4\codeigniter4-framework-ab9bf33\system\Database\MySQLi\Connection.php(201): mysqli->real_connect('localhost', '', Object(SensitiveParameterValue), 'ci4', 3306, '', 0)
#1 D:\Database\xamp\htdocs\elearning-ci4\codeigniter4-framework-ab9bf33\system\Database\BaseConnection.php(555): CodeIgniter\Database\MySQLi\Connection->connect(false)
#2 D:\Database\xamp\htdocs\elearning-ci4\codeigniter4-framework-ab9bf33\system\Database\BaseConnection.php(795): CodeIgniter\Database\BaseConnection->initialize()
#3 D:\Database\xamp\htdocs\elearning-ci4\codeigniter4-framework-ab9bf33\system\Database\BaseConnection.php(1706): CodeIgniter\Database\BaseConnection->query('SHOW TABLES FRO...')
#4 D:\Database\xamp\htdocs\elearning-ci4\codeigniter4-framework-ab9bf33\system\Database\BaseConnection.php(1726): CodeIgniter\Database\BaseConnection->listTables()
#5 D:\Database\xamp\htdocs\elearning-ci4\codeigniter4-framework-ab9bf33\system\Database\MigrationRunner.php(821): CodeIgniter\Database\BaseConnection->tableExists('migrations')
#6 D:\Database\xamp\htdocs\elearning-ci4\codeigniter4-framework-ab9bf33\system\Database\MigrationRunner.php(173): CodeIgniter\Database\MigrationRunner->ensureTable()
#7 D:\Database\xamp\htdocs\elearning-ci4\codeigniter4-framework-ab9bf33\system\Commands\Database\Migrate.php(89): CodeIgniter\Database\MigrationRunner->latest(NULL)
#8 D:\Database\xamp\htdocs\elearning-ci4\codeigniter4-framework-ab9bf33\system\CLI\SignalTrait.php(245): CodeIgniter\Commands\Database\Migrate::CodeIgniter\Commands\Database\{closure}()
#9 D:\Database\xamp\htdocs\elearning-ci4\codeigniter4-framework-ab9bf33\system\Commands\Database\Migrate.php(88): CodeIgniter\Commands\Database\Migrate->withSignalsBlocked(Object(Closure))
#10 D:\Database\xamp\htdocs\elearning-ci4\codeigniter4-framework-ab9bf33\system\CLI\Commands.php(72): CodeIgniter\Commands\Database\Migrate->run(Array)
#11 D:\Database\xamp\htdocs\elearning-ci4\codeigniter4-framework-ab9bf33\system\CLI\Console.php(47): CodeIgniter\CLI\Commands->run('migrate', Array)
#12 D:\Database\xamp\htdocs\elearning-ci4\codeigniter4-framework-ab9bf33\system\Boot.php(442): CodeIgniter\CLI\Console->run()
#13 D:\Database\xamp\htdocs\elearning-ci4\codeigniter4-framework-ab9bf33\system\Boot.php(166): CodeIgniter\Boot::runCommand(Object(CodeIgniter\CLI\Console))
#14 D:\Database\xamp\htdocs\elearning-ci4\codeigniter4-framework-ab9bf33\spark(87): CodeIgniter\Boot::bootSpark(Object(Config\Paths))
#15 {main}

Next CodeIgniter\Database\Exceptions\DatabaseException: Access denied for user ''@'localhost' (using password: NO) in D:\Database\xamp\htdocs\elearning-ci4\codeigniter4-framework-ab9bf33\system\Database\MySQLi\Connection.php:231
Stack trace:
#0 D:\Database\xamp\htdocs\elearning-ci4\codeigniter4-framework-ab9bf33\system\Database\BaseConnection.php(555): CodeIgniter\Database\MySQLi\Connection->connect(false)
#1 D:\Database\xamp\htdocs\elearning-ci4\codeigniter4-framework-ab9bf33\system\Database\BaseConnection.php(795): CodeIgniter\Database\BaseConnection->initialize()
#2 D:\Database\xamp\htdocs\elearning-ci4\codeigniter4-framework-ab9bf33\system\Database\BaseConnection.php(1706): CodeIgniter\Database\BaseConnection->query('SHOW TABLES FRO...')
#3 D:\Database\xamp\htdocs\elearning-ci4\codeigniter4-framework-ab9bf33\system\Database\BaseConnection.php(1726): CodeIgniter\Database\BaseConnection->listTables()
#4 D:\Database\xamp\htdocs\elearning-ci4\codeigniter4-framework-ab9bf33\system\Database\MigrationRunner.php(821): CodeIgniter\Database\BaseConnection->tableExists('migrations')
#5 D:\Database\xamp\htdocs\elearning-ci4\codeigniter4-framework-ab9bf33\system\Database\MigrationRunner.php(173): CodeIgniter\Database\MigrationRunner->ensureTable()
#6 D:\Database\xamp\htdocs\elearning-ci4\codeigniter4-framework-ab9bf33\system\Commands\Database\Migrate.php(89): CodeIgniter\Database\MigrationRunner->latest(NULL)
#7 D:\Database\xamp\htdocs\elearning-ci4\codeigniter4-framework-ab9bf33\system\CLI\SignalTrait.php(245): CodeIgniter\Commands\Database\Migrate::CodeIgniter\Commands\Database\{closure}()
#8 D:\Database\xamp\htdocs\elearning-ci4\codeigniter4-framework-ab9bf33\system\Commands\Database\Migrate.php(88): CodeIgniter\Commands\Database\Migrate->withSignalsBlocked(Object(Closure))
#9 D:\Database\xamp\htdocs\elearning-ci4\codeigniter4-framework-ab9bf33\system\CLI\Commands.php(72): CodeIgniter\Commands\Database\Migrate->run(Array)
#10 D:\Database\xamp\htdocs\elearning-ci4\codeigniter4-framework-ab9bf33\system\CLI\Console.php(47): CodeIgniter\CLI\Commands->run('migrate', Array)
#11 D:\Database\xamp\htdocs\elearning-ci4\codeigniter4-framework-ab9bf33\system\Boot.php(442): CodeIgniter\CLI\Console->run()
#12 D:\Database\xamp\htdocs\elearning-ci4\codeigniter4-framework-ab9bf33\system\Boot.php(166): CodeIgniter\Boot::runCommand(Object(CodeIgniter\CLI\Console))
#13 D:\Database\xamp\htdocs\elearning-ci4\codeigniter4-framework-ab9bf33\spark(87): CodeIgniter\Boot::bootSpark(Object(Config\Paths))
#14 {main}
ERROR - 2026-07-01 05:55:51 --> Error connecting to the database: mysqli_sql_exception: Access denied for user ''@'localhost' (using password: NO) in D:\Database\xamp\htdocs\elearning-ci4\codeigniter4-framework-ab9bf33\system\Database\MySQLi\Connection.php:201
Stack trace:
#0 D:\Database\xamp\htdocs\elearning-ci4\codeigniter4-framework-ab9bf33\system\Database\MySQLi\Connection.php(201): mysqli->real_connect('localhost', '', Object(SensitiveParameterValue), 'ci4', 3306, '', 0)
#1 D:\Database\xamp\htdocs\elearning-ci4\codeigniter4-framework-ab9bf33\system\Database\BaseConnection.php(555): CodeIgniter\Database\MySQLi\Connection->connect(false)
#2 D:\Database\xamp\htdocs\elearning-ci4\codeigniter4-framework-ab9bf33\system\Database\Database.php(74): CodeIgniter\Database\BaseConnection->initialize()
#3 D:\Database\xamp\htdocs\elearning-ci4\codeigniter4-framework-ab9bf33\system\Database\Config.php(111): CodeIgniter\Database\Database->loadForge(Object(CodeIgniter\Database\MySQLi\Connection))
#4 D:\Database\xamp\htdocs\elearning-ci4\codeigniter4-framework-ab9bf33\system\Database\Seeder.php(103): CodeIgniter\Database\Config::forge('default')
#5 D:\Database\xamp\htdocs\elearning-ci4\codeigniter4-framework-ab9bf33\system\Commands\Database\Seed.php(71): CodeIgniter\Database\Seeder->__construct(Object(Config\Database))
#6 D:\Database\xamp\htdocs\elearning-ci4\codeigniter4-framework-ab9bf33\system\CLI\Commands.php(72): CodeIgniter\Commands\Database\Seed->run(Array)
#7 D:\Database\xamp\htdocs\elearning-ci4\codeigniter4-framework-ab9bf33\system\CLI\Console.php(47): CodeIgniter\CLI\Commands->run('db:seed', Array)
#8 D:\Database\xamp\htdocs\elearning-ci4\codeigniter4-framework-ab9bf33\system\Boot.php(442): CodeIgniter\CLI\Console->run()
#9 D:\Database\xamp\htdocs\elearning-ci4\codeigniter4-framework-ab9bf33\system\Boot.php(166): CodeIgniter\Boot::runCommand(Object(CodeIgniter\CLI\Console))
#10 D:\Database\xamp\htdocs\elearning-ci4\codeigniter4-framework-ab9bf33\spark(87): CodeIgniter\Boot::bootSpark(Object(Config\Paths))
#11 {main}

Next CodeIgniter\Database\Exceptions\DatabaseException: Access denied for user ''@'localhost' (using password: NO) in D:\Database\xamp\htdocs\elearning-ci4\codeigniter4-framework-ab9bf33\system\Database\MySQLi\Connection.php:231
Stack trace:
#0 D:\Database\xamp\htdocs\elearning-ci4\codeigniter4-framework-ab9bf33\system\Database\BaseConnection.php(555): CodeIgniter\Database\MySQLi\Connection->connect(false)
#1 D:\Database\xamp\htdocs\elearning-ci4\codeigniter4-framework-ab9bf33\system\Database\Database.php(74): CodeIgniter\Database\BaseConnection->initialize()
#2 D:\Database\xamp\htdocs\elearning-ci4\codeigniter4-framework-ab9bf33\system\Database\Config.php(111): CodeIgniter\Database\Database->loadForge(Object(CodeIgniter\Database\MySQLi\Connection))
#3 D:\Database\xamp\htdocs\elearning-ci4\codeigniter4-framework-ab9bf33\system\Database\Seeder.php(103): CodeIgniter\Database\Config::forge('default')
#4 D:\Database\xamp\htdocs\elearning-ci4\codeigniter4-framework-ab9bf33\system\Commands\Database\Seed.php(71): CodeIgniter\Database\Seeder->__construct(Object(Config\Database))
#5 D:\Database\xamp\htdocs\elearning-ci4\codeigniter4-framework-ab9bf33\system\CLI\Commands.php(72): CodeIgniter\Commands\Database\Seed->run(Array)
#6 D:\Database\xamp\htdocs\elearning-ci4\codeigniter4-framework-ab9bf33\system\CLI\Console.php(47): CodeIgniter\CLI\Commands->run('db:seed', Array)
#7 D:\Database\xamp\htdocs\elearning-ci4\codeigniter4-framework-ab9bf33\system\Boot.php(442): CodeIgniter\CLI\Console->run()
#8 D:\Database\xamp\htdocs\elearning-ci4\codeigniter4-framework-ab9bf33\system\Boot.php(166): CodeIgniter\Boot::runCommand(Object(CodeIgniter\CLI\Console))
#9 D:\Database\xamp\htdocs\elearning-ci4\codeigniter4-framework-ab9bf33\spark(87): CodeIgniter\Boot::bootSpark(Object(Config\Paths))
#10 {main}
CRITICAL - 2026-07-01 05:55:51 --> CodeIgniter\Database\Exceptions\DatabaseException: Unable to connect to the database.
Main connection [MySQLi]: Access denied for user ''@'localhost' (using password: NO)
[Method: CLI, Route: db:seed/UserSeeder]
in SYSTEMPATH\Database\BaseConnection.php on line 606.
 1 SYSTEMPATH\Database\Database.php(74): CodeIgniter\Database\BaseConnection->initialize()
 2 SYSTEMPATH\Database\Config.php(111): CodeIgniter\Database\Database->loadForge(Object(CodeIgniter\Database\MySQLi\Connection))
 3 SYSTEMPATH\Database\Seeder.php(103): CodeIgniter\Database\Config::forge('default')
 4 SYSTEMPATH\Commands\Database\Seed.php(71): CodeIgniter\Database\Seeder->__construct(Object(Config\Database))
 5 SYSTEMPATH\CLI\Commands.php(72): CodeIgniter\Commands\Database\Seed->run([...])
 6 SYSTEMPATH\CLI\Console.php(47): CodeIgniter\CLI\Commands->run('db:seed', [...])
 7 SYSTEMPATH\Boot.php(442): CodeIgniter\CLI\Console->run()
 8 SYSTEMPATH\Boot.php(166): CodeIgniter\Boot::runCommand(Object(CodeIgniter\CLI\Console))
 9 ROOTPATH\spark(87): CodeIgniter\Boot::bootSpark(Object(Config\Paths))
CRITICAL - 2026-07-01 06:14:59 --> ErrorException: Undefined property: App\Controllers\Dashboard::$db
[Method: GET, Route: dashboard]
in APPPATH\Controllers\Dashboard.php on line 47.
 1 APPPATH\Controllers\Dashboard.php(47): CodeIgniter\Debug\Exceptions->errorHandler(2, 'Undefined property: App\\Controllers\\Dashboard::$db', 'D:\\Database\\xamp\\htdocs\\elearning-ci4\\codeigniter4-framework-ab9bf33\\app\\Controllers\\Dashboard.php', 47)
 2 SYSTEMPATH\CodeIgniter.php(974): App\Controllers\Dashboard->index()
 3 SYSTEMPATH\CodeIgniter.php(520): CodeIgniter\CodeIgniter->runController(Object(App\Controllers\Dashboard))
 4 SYSTEMPATH\CodeIgniter.php(363): CodeIgniter\CodeIgniter->handleRequest(null, Object(Config\Cache), false)
 5 SYSTEMPATH\Boot.php(417): CodeIgniter\CodeIgniter->run()
 6 SYSTEMPATH\Boot.php(68): CodeIgniter\Boot::runCodeIgniter(Object(CodeIgniter\CodeIgniter))
 7 FCPATH\index.php(59): CodeIgniter\Boot::bootWeb(Object(Config\Paths))
 8 SYSTEMPATH\rewrite.php(44): require_once('D:\\Database\\xamp\\htdocs\\elearning-ci4\\codeigniter4-framework-ab9bf33\\public\\index.php')
